<?xml version="1.0" encoding="UTF-8"?>
<!-- Generated by org.testng.reporters.JUnitReportReporter -->
<testsuite hostname="LAPTOP-DOHQRCCL" failures="0" tests="4" name="basic.NewTest" time="0.006" errors="0" timestamp="2023-05-11T08:20:00 IST" skipped="1">
  <testcase classname="basic.NewTest" name="test2" time="0.001"/>
  <system-out/>
  <testcase classname="basic.NewTest" name="beta" time="0.002"/>
  <system-out/>
  <testcase classname="basic.NewTest" name="test1" time="0.003"/>
  <system-out/>
  <testcase classname="basic.NewTest" name="alpha">
    <skipped/>
  </testcase> <!-- alpha -->
  <system-out/>
</testsuite> <!-- basic.NewTest -->
