<?xml version="1.0" encoding="UTF-8"?>
<!-- Generated by org.testng.reporters.JUnitReportReporter -->
<testsuite hostname="LAPTOP-DOHQRCCL" failures="0" tests="1" name="parameter.P001_ParameterisedDemo" time="3.033" errors="0" timestamp="2023-05-15T07:53:49 IST" skipped="0">
  <testcase classname="parameter.P001_ParameterisedDemo" name="login" time="3.033"/>
  <system-out/>
</testsuite> <!-- parameter.P001_ParameterisedDemo -->
