<?xml version="1.0" encoding="UTF-8"?>
<!-- Generated by org.testng.reporters.JUnitReportReporter -->
<testsuite hostname="LAPTOP-DOHQRCCL" failures="0" tests="3" name="basic.Account" time="0.010" errors="0" timestamp="2023-05-25T08:03:17 IST" skipped="0">
  <testcase classname="basic.Account" name="loanAccount" time="0.002"/>
  <system-out/>
  <testcase classname="basic.Account" name="savingAccount" time="0.001"/>
  <system-out/>
  <testcase classname="basic.Account" name="currentAccount" time="0.007"/>
  <system-out/>
</testsuite> <!-- basic.Account -->
