<?xml version="1.0" encoding="UTF-8"?>
<!-- Generated by org.testng.reporters.JUnitReportReporter -->
<testsuite hostname="LAPTOP-DOHQRCCL" failures="0" tests="2" name="basic.Payment" time="0.018" errors="0" timestamp="2023-05-11T08:20:00 IST" skipped="0">
  <testcase classname="basic.Payment" name="cod" time="0.013"/>
  <system-out/>
  <testcase classname="basic.Payment" name="debitCard" time="0.005"/>
  <system-out/>
</testsuite> <!-- basic.Payment -->
