<?xml version="1.0" encoding="UTF-8"?>
<!-- Generated by org.testng.reporters.JUnitReportReporter -->
<testsuite hostname="LAPTOP-DOHQRCCL" failures="0" tests="4" name="basic.NewTest" time="0.025" errors="0" timestamp="2023-05-13T07:49:43 IST" skipped="1">
  <testcase classname="basic.NewTest" name="test2" time="0.008"/>
  <system-out/>
  <testcase classname="basic.NewTest" name="beta" time="0.003"/>
  <system-out/>
  <testcase classname="basic.NewTest" name="test1" time="0.014"/>
  <system-out/>
  <testcase classname="basic.NewTest" name="alpha">
    <skipped/>
  </testcase> <!-- alpha -->
  <system-out/>
</testsuite> <!-- basic.NewTest -->
