<?xml version="1.0" encoding="UTF-8"?>
<!-- Generated by org.testng.reporters.JUnitReportReporter -->
<testsuite hostname="LAPTOP-DOHQRCCL" failures="0" tests="2" name="parallel.LoginTest" time="8.909" errors="0" timestamp="2023-05-16T07:58:40 IST" skipped="0">
  <testcase classname="parallel.LoginTest" name="test" time="5.783"/>
  <system-out/>
  <testcase classname="parallel.LoginTest" name="test" time="3.126"/>
  <system-out/>
</testsuite> <!-- parallel.LoginTest -->
