<?xml version="1.0" encoding="UTF-8"?>
<!-- Generated by org.testng.reporters.JUnitReportReporter -->
<testsuite hostname="LAPTOP-DOHQRCCL" failures="0" tests="2" name="basic.Payment" time="0.002" errors="0" timestamp="2023-05-13T08:12:38 IST" skipped="0">
  <testcase classname="basic.Payment" name="creditCard" time="0.001"/>
  <system-out/>
  <testcase classname="basic.Payment" name="debitCard" time="0.001"/>
  <system-out/>
</testsuite> <!-- basic.Payment -->
