<?xml version="1.0" encoding="UTF-8"?>
<!-- Generated by org.testng.reporters.JUnitReportReporter -->
<testsuite hostname="LAPTOP-DOHQRCCL" failures="0" tests="3" name="parameter.P001_ParameterisedDemo_multi" time="8.717" errors="0" timestamp="2023-05-15T07:59:26 IST" skipped="0">
  <testcase classname="parameter.P001_ParameterisedDemo_multi" name="login" time="7.108"/>
  <system-out/>
  <testcase classname="parameter.P001_ParameterisedDemo_multi" name="login" time="1.192"/>
  <system-out/>
  <testcase classname="parameter.P001_ParameterisedDemo_multi" name="login" time="0.417"/>
  <system-out/>
</testsuite> <!-- parameter.P001_ParameterisedDemo_multi -->
