<?xml version="1.0" encoding="UTF-8"?>
<!-- Generated by org.testng.reporters.JUnitReportReporter -->
<testsuite hostname="LAPTOP-DOHQRCCL" failures="0" tests="3" name="testcase.LoginTest" time="10.839" errors="0" timestamp="2023-05-24T08:19:57 IST" skipped="0">
  <testcase classname="testcase.LoginTest" name="forgetPass" time="4.226"/>
  <system-out/>
  <testcase classname="testcase.LoginTest" name="loginTest" time="2.787"/>
  <system-out/>
  <testcase classname="testcase.LoginTest" name="regTest" time="3.826"/>
  <system-out/>
</testsuite> <!-- testcase.LoginTest -->
