<?xml version="1.0" encoding="UTF-8"?>
<!-- Generated by org.testng.reporters.JUnitReportReporter -->
<testsuite hostname="LAPTOP-DOHQRCCL" failures="0" tests="5" name="com.keyword" time="5.933" errors="0" timestamp="2023-05-19T08:22:18 IST" skipped="0">
  <testcase classname="com.keyword" name="test" time="0.118"/>
  <system-out/>
  <testcase classname="com.keyword" name="test" time="1.510"/>
  <system-out/>
  <testcase classname="com.keyword" name="test" time="4.054"/>
  <system-out/>
  <testcase classname="com.keyword" name="test" time="0.137"/>
  <system-out/>
  <testcase classname="com.keyword" name="test" time="0.114"/>
  <system-out/>
</testsuite> <!-- com.keyword -->
