<?xml version="1.0" encoding="UTF-8"?>
<!-- Generated by org.testng.reporters.JUnitReportReporter -->
<testsuite hostname="LAPTOP-DOHQRCCL" failures="0" tests="3" name="com.datadriven" time="26.561" errors="0" timestamp="2023-05-19T07:50:08 IST" skipped="0">
  <testcase classname="com.datadriven" name="login" time="14.090"/>
  <system-out/>
  <testcase classname="com.datadriven" name="login" time="0.391"/>
  <system-out/>
  <testcase classname="com.datadriven" name="login" time="12.080"/>
  <system-out/>
</testsuite> <!-- com.datadriven -->
